<?xml version="1.0" encoding="UTF-8"?>
<testng-results skipped="0" failed="0" ignored="0" total="10" passed="10">
  <reporter-output>
  </reporter-output>
  <suite name="book-flight-module" duration-ms="124873" started-at="2020-07-03T05:43:10Z" finished-at="2020-07-03T05:45:15Z">
    <groups>
    </groups>
    <test name="book-flight-1" duration-ms="74549" started-at="2020-07-03T05:43:10Z" finished-at="2020-07-03T05:44:25Z">
      <class name="com.newTours.Tests.BookFlightTest">
        <test-method status="PASS" signature="setUpDriver()[pri:0, instance:com.newTours.Tests.BookFlightTest@2a18f23c]" name="setUpDriver" is-config="true" duration-ms="40230" started-at="2020-07-03T05:43:10Z" finished-at="2020-07-03T05:43:51Z">
          <reporter-output>
          </reporter-output>
        </test-method> <!-- setUpDriver -->
        <test-method status="PASS" signature="setUpParameters(java.lang.String, java.lang.String)[pri:0, instance:com.newTours.Tests.BookFlightTest@2a18f23c]" name="setUpParameters" is-config="true" duration-ms="17" started-at="2020-07-03T05:43:51Z" depends-on-methods="tests.BaseTest.setUpDriver" finished-at="2020-07-03T05:43:51Z">
          <params>
            <param index="0">
              <value>
                <![CDATA[1]]>
              </value>
            </param>
            <param index="1">
              <value>
                <![CDATA[$584 USD]]>
              </value>
            </param>
          </params>
          <reporter-output>
          </reporter-output>
        </test-method> <!-- setUpParameters -->
        <test-method status="PASS" signature="registrationPage()[pri:0, instance:com.newTours.Tests.BookFlightTest@2a18f23c]" name="registrationPage" duration-ms="14566" started-at="2020-07-03T05:43:51Z" finished-at="2020-07-03T05:44:05Z">
          <reporter-output>
          </reporter-output>
        </test-method> <!-- registrationPage -->
        <test-method status="PASS" signature="registrationConfirmationPage()[pri:0, instance:com.newTours.Tests.BookFlightTest@2a18f23c]" name="registrationConfirmationPage" duration-ms="2605" started-at="2020-07-03T05:44:05Z" depends-on-methods="com.newTours.Tests.BookFlightTest.registrationPage" finished-at="2020-07-03T05:44:08Z">
          <reporter-output>
          </reporter-output>
        </test-method> <!-- registrationConfirmationPage -->
        <test-method status="PASS" signature="flightDetailsPage()[pri:0, instance:com.newTours.Tests.BookFlightTest@2a18f23c]" name="flightDetailsPage" duration-ms="4414" started-at="2020-07-03T05:44:08Z" depends-on-methods="com.newTours.Tests.BookFlightTest.registrationConfirmationPage" finished-at="2020-07-03T05:44:12Z">
          <reporter-output>
          </reporter-output>
        </test-method> <!-- flightDetailsPage -->
        <test-method status="PASS" signature="findFlightPage()[pri:0, instance:com.newTours.Tests.BookFlightTest@2a18f23c]" name="findFlightPage" duration-ms="6465" started-at="2020-07-03T05:44:12Z" depends-on-methods="com.newTours.Tests.BookFlightTest.flightDetailsPage" finished-at="2020-07-03T05:44:19Z">
          <reporter-output>
          </reporter-output>
        </test-method> <!-- findFlightPage -->
        <test-method status="PASS" signature="flightConfirmationPage()[pri:0, instance:com.newTours.Tests.BookFlightTest@2a18f23c]" name="flightConfirmationPage" duration-ms="5597" started-at="2020-07-03T05:44:19Z" depends-on-methods="com.newTours.Tests.BookFlightTest.findFlightPage" finished-at="2020-07-03T05:44:24Z">
          <reporter-output>
          </reporter-output>
        </test-method> <!-- flightConfirmationPage -->
        <test-method status="PASS" signature="quitdriver()[pri:0, instance:com.newTours.Tests.BookFlightTest@2a18f23c]" name="quitdriver" is-config="true" duration-ms="373" started-at="2020-07-03T05:44:24Z" finished-at="2020-07-03T05:44:25Z">
          <reporter-output>
          </reporter-output>
        </test-method> <!-- quitdriver -->
      </class> <!-- com.newTours.Tests.BookFlightTest -->
    </test> <!-- book-flight-1 -->
    <test name="book-flight-2" duration-ms="49449" started-at="2020-07-03T05:44:26Z" finished-at="2020-07-03T05:45:15Z">
      <class name="com.newTours.Tests.BookFlightTest">
        <test-method status="PASS" signature="setUpDriver()[pri:0, instance:com.newTours.Tests.BookFlightTest@2d209079]" name="setUpDriver" is-config="true" duration-ms="17614" started-at="2020-07-03T05:44:26Z" finished-at="2020-07-03T05:44:43Z">
          <reporter-output>
          </reporter-output>
        </test-method> <!-- setUpDriver -->
        <test-method status="PASS" signature="setUpParameters(java.lang.String, java.lang.String)[pri:0, instance:com.newTours.Tests.BookFlightTest@2d209079]" name="setUpParameters" is-config="true" duration-ms="1" started-at="2020-07-03T05:44:43Z" depends-on-methods="tests.BaseTest.setUpDriver" finished-at="2020-07-03T05:44:43Z">
          <params>
            <param index="0">
              <value>
                <![CDATA[2]]>
              </value>
            </param>
            <param index="1">
              <value>
                <![CDATA[$1169 USD]]>
              </value>
            </param>
          </params>
          <reporter-output>
          </reporter-output>
        </test-method> <!-- setUpParameters -->
        <test-method status="PASS" signature="registrationPage()[pri:0, instance:com.newTours.Tests.BookFlightTest@2d209079]" name="registrationPage" duration-ms="9945" started-at="2020-07-03T05:44:43Z" finished-at="2020-07-03T05:44:53Z">
          <reporter-output>
          </reporter-output>
        </test-method> <!-- registrationPage -->
        <test-method status="PASS" signature="registrationConfirmationPage()[pri:0, instance:com.newTours.Tests.BookFlightTest@2d209079]" name="registrationConfirmationPage" duration-ms="4723" started-at="2020-07-03T05:44:53Z" depends-on-methods="com.newTours.Tests.BookFlightTest.registrationPage" finished-at="2020-07-03T05:44:58Z">
          <reporter-output>
          </reporter-output>
        </test-method> <!-- registrationConfirmationPage -->
        <test-method status="PASS" signature="flightDetailsPage()[pri:0, instance:com.newTours.Tests.BookFlightTest@2d209079]" name="flightDetailsPage" duration-ms="4699" started-at="2020-07-03T05:44:58Z" depends-on-methods="com.newTours.Tests.BookFlightTest.registrationConfirmationPage" finished-at="2020-07-03T05:45:03Z">
          <reporter-output>
          </reporter-output>
        </test-method> <!-- flightDetailsPage -->
        <test-method status="PASS" signature="findFlightPage()[pri:0, instance:com.newTours.Tests.BookFlightTest@2d209079]" name="findFlightPage" duration-ms="5826" started-at="2020-07-03T05:45:03Z" depends-on-methods="com.newTours.Tests.BookFlightTest.flightDetailsPage" finished-at="2020-07-03T05:45:09Z">
          <reporter-output>
          </reporter-output>
        </test-method> <!-- findFlightPage -->
        <test-method status="PASS" signature="flightConfirmationPage()[pri:0, instance:com.newTours.Tests.BookFlightTest@2d209079]" name="flightConfirmationPage" duration-ms="6376" started-at="2020-07-03T05:45:09Z" depends-on-methods="com.newTours.Tests.BookFlightTest.findFlightPage" finished-at="2020-07-03T05:45:15Z">
          <reporter-output>
          </reporter-output>
        </test-method> <!-- flightConfirmationPage -->
        <test-method status="PASS" signature="quitdriver()[pri:0, instance:com.newTours.Tests.BookFlightTest@2d209079]" name="quitdriver" is-config="true" duration-ms="166" started-at="2020-07-03T05:45:15Z" finished-at="2020-07-03T05:45:15Z">
          <reporter-output>
          </reporter-output>
        </test-method> <!-- quitdriver -->
      </class> <!-- com.newTours.Tests.BookFlightTest -->
    </test> <!-- book-flight-2 -->
  </suite> <!-- book-flight-module -->
</testng-results>
